{"action":"Menu Select","currency":"solana","timestamp":"2023-09-05T08:26:25.645Z","_id":"64f6e631a9fd215f8f87594f"}
{"action":"Menu Select","currency":"cardano","timestamp":"2023-09-05T08:27:49.392Z","_id":"64f6e685a23397de9b27e1ed"}
{"action":"Input Search","currency":"bitcoin","timestamp":"2023-09-05T08:31:33.124Z","_id":"64f6e765a23397de9b27e1ef"}
{"action":"Menu Select","currency":"dogecoin","timestamp":"2023-09-05T08:35:27.416Z","_id":"64f6e84f6eb01a7632c3dcbe"}
{"action":"Input Search","currency":"tether","timestamp":"2023-09-05T08:39:03.557Z","_id":"64f6e927b954279ac44f1be7"}
{"action":"Menu Select","currency":"solana","timestamp":"2023-09-05T08:39:08.415Z","_id":"64f6e92cb954279ac44f1be9"}
{"action":"Input Search","currency":"usd%coin","timestamp":"2023-09-05T09:05:58.698Z","_id":"64f6ef7601945b41e44e89d6"}
{"action":"Input Search","currency":"usd-coin","timestamp":"2023-09-05T09:06:20.502Z","_id":"64f6ef8c01945b41e44e89d8"}
{"action":"Menu Select","currency":"usd-coin","timestamp":"2023-09-05T09:17:37.415Z","_id":"64f6f23101945b41e44e89da"}
{"action":"Input Search","currency":"binancecoin","timestamp":"2023-09-05T09:19:51.595Z","_id":"64f6f2b701945b41e44e89dc"}
{"action":"Select from Table","currency":"solana","timestamp":"2023-09-05T09:20:26.314Z","_id":"64f6f2da01945b41e44e89de"}
{"action":"Menu Select","currency":"tether","timestamp":"2023-09-05T10:07:23.571Z","_id":"64f6fddb01945b41e44e89e1"}
{"action":"Menu Select","currency":"usd-coin","timestamp":"2023-09-05T10:08:12.361Z","_id":"64f6fe0c01945b41e44e89e3"}
{"action":"Menu Select","currency":"cardano","timestamp":"2023-09-05T10:09:04.156Z","_id":"64f6fe4001945b41e44e89e5"}
{"action":"Input Search","currency":"bitcoin","timestamp":"2023-09-05T10:11:37.377Z","_id":"64f6fed901945b41e44e89e7"}
{"action":"Input Search","currency":"bitcoin","timestamp":"2023-09-05T10:29:12.324Z","_id":"64f702f801945b41e44e89e9"}
{"action":"Input Search","currency":"bitcoin","timestamp":"2023-09-05T10:29:18.529Z","_id":"64f702fe01945b41e44e89eb"}
{"action":"Input Search","currency":"bitcoin","timestamp":"2023-09-05T10:29:25.511Z","_id":"64f7030501945b41e44e89ed"}
{"action":"Input Search","currency":"tether","timestamp":"2023-09-05T10:33:30.080Z","_id":"64f703fa01945b41e44e89ef"}
{"action":"Input Search","currency":"bitcoin","timestamp":"2023-09-05T11:09:30.126Z","_id":"64f70c6a01945b41e44e89f2"}
{"action":"Menu Select","currency":"binancecoin","timestamp":"2023-09-05T11:23:51.079Z","_id":"64f70fc701945b41e44e89f4"}
{"action":"Menu Select","currency":"staked-ether","timestamp":"2023-09-05T11:29:14.926Z","_id":"64f7110a01945b41e44e89f6"}
{"action":"Table Select","currency":"ethereum","timestamp":"2023-09-05T11:33:24.656Z","_id":"64f7120401945b41e44e89f8"}
{"action":"Table Select","currency":"bitcoin","timestamp":"2023-09-05T11:34:40.949Z","_id":"64f7125001945b41e44e89fa"}
{"action":"Menu Select","currency":"solana","timestamp":"2023-09-05T12:30:42.819Z","_id":"64f71f7201945b41e44e89fc"}
{"action":"Menu Select","currency":"ripple","timestamp":"2023-09-05T12:45:08.832Z","_id":"64f722d473aa5cfa4e9e209a"}
{"action":"Input Search","currency":"dogecoin","timestamp":"2023-09-05T12:45:15.097Z","_id":"64f722db73aa5cfa4e9e209c"}
{"action":"Table Select","currency":"matic-network","timestamp":"2023-09-05T12:45:23.223Z","_id":"64f722e373aa5cfa4e9e209f"}
{"action":"Table Select","currency":"bitcoin","timestamp":"2023-09-05T13:32:08.262Z","_id":"64f72dd873aa5cfa4e9e20a2"}
{"action":"Input Search","currency":"usd-coin","timestamp":"2023-09-05T14:33:44.346Z","_id":"64f73c4873aa5cfa4e9e20a6"}
{"action":"Input Search","currency":"bnb","timestamp":"2023-09-05T14:33:55.283Z","_id":"64f73c5373aa5cfa4e9e20a8"}
{"action":"Input Search","currency":"dogecoin","timestamp":"2023-09-05T14:34:36.876Z","_id":"64f73c7c73aa5cfa4e9e20aa"}
{"action":"Menu Select","currency":"avalanche-2","timestamp":"2023-09-05T14:51:02.066Z","_id":"64f740568e9a1ead47c01fe6"}
{"action":"Table Select","currency":"bitcoin","timestamp":"2023-09-05T14:52:22.791Z","_id":"64f740a68e9a1ead47c01fe8"}
{"action":"Table Select","currency":"bitcoin","timestamp":"2023-09-05T15:02:39.365Z","_id":"64f7430f8e9a1ead47c01fea"}
{"action":"Table Select","currency":"bitcoin","timestamp":"2023-09-05T15:02:54.486Z","_id":"64f7431e8e9a1ead47c01fec"}
{"action":"Table Select","currency":"bitcoin","timestamp":"2023-09-05T15:05:33.230Z","_id":"64f743bd8e9a1ead47c01fee"}
{"action":"Input Search","currency":"bitcoin","timestamp":"2023-09-05T15:17:14.765Z","_id":"64f7467a8e9a1ead47c01ff1"}
{"action":"Table Select","currency":"bitcoin","timestamp":"2023-09-05T15:29:35.896Z","_id":"64f7495f8e9a1ead47c01ff4"}
{"action":"Table Select","currency":"bitcoin","timestamp":"2023-09-05T15:43:38.221Z","_id":"64f74caa8e9a1ead47c01ff6"}
{"action":"Menu Select","currency":"tron","timestamp":"2023-09-05T15:50:19.883Z","_id":"64f74e3b8e9a1ead47c01ff8"}
{"action":"Menu Select","currency":"binancecoin","timestamp":"2023-09-05T15:51:11.956Z","_id":"64f74e6f8e9a1ead47c01ffa"}
{"action":"Input Search","currency":"cardano","timestamp":"2023-09-05T15:52:05.219Z","_id":"64f74ea58e9a1ead47c01ffc"}
{"action":"Menu Select","currency":"tron","timestamp":"2023-09-05T15:57:10.857Z","_id":"64f74fd68e9a1ead47c01ffe"}
{"action":"Table Select","currency":"the-open-network","timestamp":"2023-09-05T16:03:59.160Z","_id":"64f7516f8e9a1ead47c02000"}
{"action":"Table Select","currency":"tether","timestamp":"2023-09-05T16:10:07.746Z","_id":"64f752df8e9a1ead47c02002"}
{"action":"Table Select","currency":"bitcoin","timestamp":"2023-09-05T16:30:31.246Z","_id":"64f757a7477809118717ad2e"}
{"action":"Table Select","currency":"bitcoin","timestamp":"2023-09-05T18:48:56.923Z","_id":"64f77818652e159961ce3b9e"}
{"action":"Input Search","currency":"bitcoin","timestamp":"2023-09-05T18:49:07.990Z","_id":"64f77823652e159961ce3ba0"}
{"action":"Menu Select","currency":"staked-ether","timestamp":"2023-09-05T18:59:57.578Z","_id":"64f77aad652e159961ce3ba2"}
{"action":"Table Select","currency":"polkadot","timestamp":"2023-09-05T19:00:59.733Z","_id":"64f77aeb652e159961ce3ba4"}
{"action":"Table Select","currency":"bitcoin","timestamp":"2023-09-05T19:06:07.243Z","_id":"64f77c1f652e159961ce3ba6"}
{"action":"Table Select","currency":"ethereum","timestamp":"2023-09-05T19:07:46.485Z","_id":"64f77c82652e159961ce3ba8"}
{"action":"Input Search","currency":"sadfadfadfsdffasfsadf","timestamp":"2023-09-05T20:03:07.125Z","_id":"64f7897b20aa6510580b5a08"}
{"action":"Input Search","currency":"asdfasdf","timestamp":"2023-09-05T20:03:18.633Z","_id":"64f7898620aa6510580b5a0a"}
{"action":"Input Search","currency":"fsfasdfasd","timestamp":"2023-09-05T20:03:39.372Z","_id":"64f7899b20aa6510580b5a0c"}
{"action":"Input Search","currency":"afdfasd","timestamp":"2023-09-05T20:03:56.609Z","_id":"64f789ac20aa6510580b5a0e"}
{"action":"Input Search","currency":"cardano","timestamp":"2023-09-05T20:05:03.255Z","_id":"64f789ef20aa6510580b5a10"}
{"action":"Input Search","currency":"asdasdsa","timestamp":"2023-09-05T20:06:31.392Z","_id":"64f78a4720aa6510580b5a12"}
{"action":"Table Select","currency":"bitcoin","timestamp":"2023-09-05T20:09:00.816Z","_id":"64f78adc20aa6510580b5a14"}
